Build started 4/25/2015 5:32:39 PM.
     1>Project "C:\Users\iwh-pc\Documents\College\modern\it276\original\hyde\hyde.vcxproj" on node 2 (build target(s)).
     1>InitializeBuildStatus:
         Touching "Debug\hyde.unsuccessfulbuild".
       ClCompile:
         c:\Program Files (x86)\Microsoft Visual Studio 10.0\VC\bin\CL.exe /c /Zi /nologo /W3 /WX- /Od /Oi /Oy- /GL /D WIN32 /D NDEBUG /D _CONSOLE /D _MBCS /Gm- /EHsc /MD /GS /Gy /fp:precise /Zc:wchar_t /Zc:forScope /Fo"Debug\\" /Fd"Debug\vc100.pdb" /Gd /TC /analyze- /errorReport:prompt src\animation.c src\entity.c src\game.c src\gfunc.c src\graphics.c src\level.c src\weapon.c
         animation.c
     1>c:\users\iwh-pc\documents\college\modern\it276\original\hyde\src\graphics.h(29): error C2061: syntax error : identifier 'animSet_t'
     1>c:\users\iwh-pc\documents\college\modern\it276\original\hyde\src\graphics.h(35): error C2059: syntax error : '}'
     1>c:\users\iwh-pc\documents\college\modern\it276\original\hyde\src\graphics.h(40): error C2143: syntax error : missing '{' before '*'
     1>c:\users\iwh-pc\documents\college\modern\it276\original\hyde\src\graphics.h(47): error C2143: syntax error : missing ')' before '*'
     1>c:\users\iwh-pc\documents\college\modern\it276\original\hyde\src\graphics.h(47): error C2143: syntax error : missing '{' before '*'
     1>c:\users\iwh-pc\documents\college\modern\it276\original\hyde\src\graphics.h(47): error C2371: 'SDL_Surface' : redefinition; different basic types
                 c:\libraries\sdl-1.2.15\include\SDL_video.h(122) : see declaration of 'SDL_Surface'
     1>c:\users\iwh-pc\documents\college\modern\it276\original\hyde\src\graphics.h(47): error C2143: syntax error : missing ';' before '*'
     1>c:\users\iwh-pc\documents\college\modern\it276\original\hyde\src\graphics.h(47): error C2059: syntax error : 'type'
     1>c:\users\iwh-pc\documents\college\modern\it276\original\hyde\src\graphics.h(47): error C2059: syntax error : ')'
     1>c:\users\iwh-pc\documents\college\modern\it276\original\hyde\src\graphics.h(50): error C2061: syntax error : identifier 'setUpScreen'
     1>c:\users\iwh-pc\documents\college\modern\it276\original\hyde\src\graphics.h(50): error C2059: syntax error : ';'
     1>c:\users\iwh-pc\documents\college\modern\it276\original\hyde\src\graphics.h(50): error C2059: syntax error : ')'
     1>c:\users\iwh-pc\documents\college\modern\it276\original\hyde\src\graphics.h(57): error C2143: syntax error : missing '{' before '*'
     1>c:\users\iwh-pc\documents\college\modern\it276\original\hyde\src\entity.h(54): error C2061: syntax error : identifier 'sprite_t'
     1>c:\users\iwh-pc\documents\college\modern\it276\original\hyde\src\entity.h(102): error C2059: syntax error : '}'
     1>c:\users\iwh-pc\documents\college\modern\it276\original\hyde\src\entity.h(105): error C2143: syntax error : missing '{' before '*'
     1>c:\users\iwh-pc\documents\college\modern\it276\original\hyde\src\entity.h(106): error C2143: syntax error : missing ')' before '*'
     1>c:\users\iwh-pc\documents\college\modern\it276\original\hyde\src\entity.h(106): error C2143: syntax error : missing '{' before '*'
     1>c:\users\iwh-pc\documents\college\modern\it276\original\hyde\src\entity.h(106): error C2059: syntax error : ')'
     1>c:\users\iwh-pc\documents\college\modern\it276\original\hyde\src\entity.h(112): error C2143: syntax error : missing ')' before '*'
     1>c:\users\iwh-pc\documents\college\modern\it276\original\hyde\src\entity.h(112): error C2143: syntax error : missing '{' before '*'
     1>c:\users\iwh-pc\documents\college\modern\it276\original\hyde\src\entity.h(112): error C2143: syntax error : missing ';' before '*'
     1>c:\users\iwh-pc\documents\college\modern\it276\original\hyde\src\entity.h(112): error C2059: syntax error : 'type'
     1>c:\users\iwh-pc\documents\college\modern\it276\original\hyde\src\entity.h(112): error C2059: syntax error : ')'
     1>c:\users\iwh-pc\documents\college\modern\it276\original\hyde\src\entity.h(116): error C2143: syntax error : missing ')' before '*'
     1>c:\users\iwh-pc\documents\college\modern\it276\original\hyde\src\entity.h(116): error C2143: syntax error : missing '{' before '*'
     1>c:\users\iwh-pc\documents\college\modern\it276\original\hyde\src\entity.h(116): error C2059: syntax error : ')'
     1>c:\users\iwh-pc\documents\college\modern\it276\original\hyde\src\entity.h(117): error C2143: syntax error : missing ')' before '*'
     1>c:\users\iwh-pc\documents\college\modern\it276\original\hyde\src\entity.h(117): error C2143: syntax error : missing '{' before '*'
     1>c:\users\iwh-pc\documents\college\modern\it276\original\hyde\src\entity.h(117): error C2059: syntax error : ')'
     1>c:\users\iwh-pc\documents\college\modern\it276\original\hyde\src\entity.h(118): error C2143: syntax error : missing ')' before '*'
     1>c:\users\iwh-pc\documents\college\modern\it276\original\hyde\src\entity.h(118): error C2143: syntax error : missing '{' before '*'
     1>c:\users\iwh-pc\documents\college\modern\it276\original\hyde\src\entity.h(118): error C2059: syntax error : ')'
     1>c:\users\iwh-pc\documents\college\modern\it276\original\hyde\src\entity.h(119): error C2143: syntax error : missing ')' before '*'
     1>c:\users\iwh-pc\documents\college\modern\it276\original\hyde\src\entity.h(119): error C2143: syntax error : missing '{' before '*'
     1>c:\users\iwh-pc\documents\college\modern\it276\original\hyde\src\entity.h(119): error C2059: syntax error : ')'
     1>c:\users\iwh-pc\documents\college\modern\it276\original\hyde\src\entity.h(124): error C2143: syntax error : missing ')' before '*'
     1>c:\users\iwh-pc\documents\college\modern\it276\original\hyde\src\entity.h(124): error C2143: syntax error : missing '{' before '*'
     1>c:\users\iwh-pc\documents\college\modern\it276\original\hyde\src\entity.h(124): error C2059: syntax error : ')'
     1>c:\users\iwh-pc\documents\college\modern\it276\original\hyde\src\entity.h(125): error C2143: syntax error : missing ')' before '*'
     1>c:\users\iwh-pc\documents\college\modern\it276\original\hyde\src\entity.h(125): error C2143: syntax error : missing '{' before '*'
     1>c:\users\iwh-pc\documents\college\modern\it276\original\hyde\src\entity.h(125): error C2143: syntax error : missing ';' before '*'
     1>c:\users\iwh-pc\documents\college\modern\it276\original\hyde\src\entity.h(125): error C2059: syntax error : ')'
     1>c:\users\iwh-pc\documents\college\modern\it276\original\hyde\src\entity.h(128): error C2143: syntax error : missing ')' before '*'
     1>c:\users\iwh-pc\documents\college\modern\it276\original\hyde\src\entity.h(128): error C2143: syntax error : missing '{' before '*'
     1>c:\users\iwh-pc\documents\college\modern\it276\original\hyde\src\entity.h(128): error C2059: syntax error : ')'
     1>c:\users\iwh-pc\documents\college\modern\it276\original\hyde\src\entity.h(129): error C2143: syntax error : missing ')' before '*'
     1>c:\users\iwh-pc\documents\college\modern\it276\original\hyde\src\entity.h(129): error C2143: syntax error : missing '{' before '*'
     1>c:\users\iwh-pc\documents\college\modern\it276\original\hyde\src\entity.h(129): error C2059: syntax error : ')'
     1>c:\users\iwh-pc\documents\college\modern\it276\original\hyde\src\entity.h(130): error C2143: syntax error : missing ')' before '*'
     1>c:\users\iwh-pc\documents\college\modern\it276\original\hyde\src\entity.h(130): error C2143: syntax error : missing '{' before '*'
     1>c:\users\iwh-pc\documents\college\modern\it276\original\hyde\src\entity.h(130): error C2059: syntax error : ')'
     1>c:\users\iwh-pc\documents\college\modern\it276\original\hyde\src\entity.h(131): error C2143: syntax error : missing ')' before '*'
     1>c:\users\iwh-pc\documents\college\modern\it276\original\hyde\src\entity.h(131): error C2143: syntax error : missing '{' before '*'
     1>c:\users\iwh-pc\documents\college\modern\it276\original\hyde\src\entity.h(131): error C2059: syntax error : ')'
     1>c:\users\iwh-pc\documents\college\modern\it276\original\hyde\src\entity.h(132): error C2143: syntax error : missing ')' before '*'
     1>c:\users\iwh-pc\documents\college\modern\it276\original\hyde\src\entity.h(132): error C2143: syntax error : missing '{' before '*'
     1>c:\users\iwh-pc\documents\college\modern\it276\original\hyde\src\entity.h(132): error C2059: syntax error : ')'
     1>c:\users\iwh-pc\documents\college\modern\it276\original\hyde\src\entity.h(135): error C2143: syntax error : missing ')' before '*'
     1>c:\users\iwh-pc\documents\college\modern\it276\original\hyde\src\entity.h(135): error C2143: syntax error : missing '{' before '*'
     1>c:\users\iwh-pc\documents\college\modern\it276\original\hyde\src\entity.h(135): error C2059: syntax error : ')'
     1>c:\users\iwh-pc\documents\college\modern\it276\original\hyde\src\entity.h(136): error C2143: syntax error : missing '{' before '*'
     1>c:\users\iwh-pc\documents\college\modern\it276\original\hyde\src\entity.h(139): error C2143: syntax error : missing ')' before '*'
     1>c:\users\iwh-pc\documents\college\modern\it276\original\hyde\src\entity.h(139): error C2143: syntax error : missing '{' before '*'
     1>c:\users\iwh-pc\documents\college\modern\it276\original\hyde\src\entity.h(139): error C2059: syntax error : 'type'
     1>c:\users\iwh-pc\documents\college\modern\it276\original\hyde\src\entity.h(139): error C2059: syntax error : ')'
     1>c:\users\iwh-pc\documents\college\modern\it276\original\hyde\src\weapon.h(11): error C2143: syntax error : missing ')' before '*'
     1>c:\users\iwh-pc\documents\college\modern\it276\original\hyde\src\weapon.h(11): error C2143: syntax error : missing '{' before '*'
     1>c:\users\iwh-pc\documents\college\modern\it276\original\hyde\src\weapon.h(11): error C2059: syntax error : ')'
     1>c:\users\iwh-pc\documents\college\modern\it276\original\hyde\src\weapon.h(12): error C2143: syntax error : missing ')' before '*'
     1>c:\users\iwh-pc\documents\college\modern\it276\original\hyde\src\weapon.h(12): error C2143: syntax error : missing '{' before '*'
     1>c:\users\iwh-pc\documents\college\modern\it276\original\hyde\src\weapon.h(12): error C2059: syntax error : ')'
     1>c:\users\iwh-pc\documents\college\modern\it276\original\hyde\src\level.h(17): error C2061: syntax error : identifier 'entity_t'
     1>c:\users\iwh-pc\documents\college\modern\it276\original\hyde\src\level.h(19): error C2059: syntax error : '}'
     1>src\animation.c(67): warning C4018: '<' : signed/unsigned mismatch
         entity.c
     1>c:\users\iwh-pc\documents\college\modern\it276\original\hyde\src\graphics.h(29): error C2061: syntax error : identifier 'animSet_t'
     1>c:\users\iwh-pc\documents\college\modern\it276\original\hyde\src\graphics.h(35): error C2059: syntax error : '}'
     1>c:\users\iwh-pc\documents\college\modern\it276\original\hyde\src\graphics.h(40): error C2143: syntax error : missing '{' before '*'
     1>c:\users\iwh-pc\documents\college\modern\it276\original\hyde\src\graphics.h(47): error C2143: syntax error : missing ')' before '*'
     1>c:\users\iwh-pc\documents\college\modern\it276\original\hyde\src\graphics.h(47): error C2143: syntax error : missing '{' before '*'
     1>c:\users\iwh-pc\documents\college\modern\it276\original\hyde\src\graphics.h(47): error C2371: 'SDL_Surface' : redefinition; different basic types
                 c:\libraries\sdl-1.2.15\include\SDL_video.h(122) : see declaration of 'SDL_Surface'
     1>c:\users\iwh-pc\documents\college\modern\it276\original\hyde\src\graphics.h(47): error C2143: syntax error : missing ';' before '*'
     1>c:\users\iwh-pc\documents\college\modern\it276\original\hyde\src\graphics.h(47): error C2059: syntax error : 'type'
     1>c:\users\iwh-pc\documents\college\modern\it276\original\hyde\src\graphics.h(47): error C2059: syntax error : ')'
     1>c:\users\iwh-pc\documents\college\modern\it276\original\hyde\src\graphics.h(50): error C2061: syntax error : identifier 'setUpScreen'
     1>c:\users\iwh-pc\documents\college\modern\it276\original\hyde\src\graphics.h(50): error C2059: syntax error : ';'
     1>c:\users\iwh-pc\documents\college\modern\it276\original\hyde\src\graphics.h(50): error C2059: syntax error : ')'
     1>c:\users\iwh-pc\documents\college\modern\it276\original\hyde\src\graphics.h(57): error C2143: syntax error : missing '{' before '*'
     1>c:\users\iwh-pc\documents\college\modern\it276\original\hyde\src\entity.h(54): error C2061: syntax error : identifier 'sprite_t'
     1>c:\users\iwh-pc\documents\college\modern\it276\original\hyde\src\entity.h(102): error C2059: syntax error : '}'
     1>c:\users\iwh-pc\documents\college\modern\it276\original\hyde\src\entity.h(105): error C2143: syntax error : missing '{' before '*'
     1>c:\users\iwh-pc\documents\college\modern\it276\original\hyde\src\entity.h(106): error C2143: syntax error : missing ')' before '*'
     1>c:\users\iwh-pc\documents\college\modern\it276\original\hyde\src\entity.h(106): error C2143: syntax error : missing '{' before '*'
     1>c:\users\iwh-pc\documents\college\modern\it276\original\hyde\src\entity.h(106): error C2059: syntax error : ')'
     1>c:\users\iwh-pc\documents\college\modern\it276\original\hyde\src\entity.h(112): error C2143: syntax error : missing ')' before '*'
     1>c:\users\iwh-pc\documents\college\modern\it276\original\hyde\src\entity.h(112): error C2143: syntax error : missing '{' before '*'
     1>c:\users\iwh-pc\documents\college\modern\it276\original\hyde\src\entity.h(112): error C2143: syntax error : missing ';' before '*'
     1>c:\users\iwh-pc\documents\college\modern\it276\original\hyde\src\entity.h(112): error C2059: syntax error : 'type'
     1>c:\users\iwh-pc\documents\college\modern\it276\original\hyde\src\entity.h(112): error C2059: syntax error : ')'
     1>c:\users\iwh-pc\documents\college\modern\it276\original\hyde\src\entity.h(116): error C2143: syntax error : missing ')' before '*'
     1>c:\users\iwh-pc\documents\college\modern\it276\original\hyde\src\entity.h(116): error C2143: syntax error : missing '{' before '*'
     1>c:\users\iwh-pc\documents\college\modern\it276\original\hyde\src\entity.h(116): error C2059: syntax error : ')'
     1>c:\users\iwh-pc\documents\college\modern\it276\original\hyde\src\entity.h(117): error C2143: syntax error : missing ')' before '*'
     1>c:\users\iwh-pc\documents\college\modern\it276\original\hyde\src\entity.h(117): error C2143: syntax error : missing '{' before '*'
     1>c:\users\iwh-pc\documents\college\modern\it276\original\hyde\src\entity.h(117): error C2059: syntax error : ')'
     1>c:\users\iwh-pc\documents\college\modern\it276\original\hyde\src\entity.h(118): error C2143: syntax error : missing ')' before '*'
     1>c:\users\iwh-pc\documents\college\modern\it276\original\hyde\src\entity.h(118): error C2143: syntax error : missing '{' before '*'
     1>c:\users\iwh-pc\documents\college\modern\it276\original\hyde\src\entity.h(118): error C2059: syntax error : ')'
     1>c:\users\iwh-pc\documents\college\modern\it276\original\hyde\src\entity.h(119): error C2143: syntax error : missing ')' before '*'
     1>c:\users\iwh-pc\documents\college\modern\it276\original\hyde\src\entity.h(119): error C2143: syntax error : missing '{' before '*'
     1>c:\users\iwh-pc\documents\college\modern\it276\original\hyde\src\entity.h(119): error C2059: syntax error : ')'
     1>c:\users\iwh-pc\documents\college\modern\it276\original\hyde\src\entity.h(124): error C2143: syntax error : missing ')' before '*'
     1>c:\users\iwh-pc\documents\college\modern\it276\original\hyde\src\entity.h(124): error C2143: syntax error : missing '{' before '*'
     1>c:\users\iwh-pc\documents\college\modern\it276\original\hyde\src\entity.h(124): error C2059: syntax error : ')'
     1>c:\users\iwh-pc\documents\college\modern\it276\original\hyde\src\entity.h(125): error C2143: syntax error : missing ')' before '*'
     1>c:\users\iwh-pc\documents\college\modern\it276\original\hyde\src\entity.h(125): error C2143: syntax error : missing '{' before '*'
     1>c:\users\iwh-pc\documents\college\modern\it276\original\hyde\src\entity.h(125): error C2143: syntax error : missing ';' before '*'
     1>c:\users\iwh-pc\documents\college\modern\it276\original\hyde\src\entity.h(125): error C2059: syntax error : ')'
     1>c:\users\iwh-pc\documents\college\modern\it276\original\hyde\src\entity.h(128): error C2143: syntax error : missing ')' before '*'
     1>c:\users\iwh-pc\documents\college\modern\it276\original\hyde\src\entity.h(128): error C2143: syntax error : missing '{' before '*'
     1>c:\users\iwh-pc\documents\college\modern\it276\original\hyde\src\entity.h(128): error C2059: syntax error : ')'
     1>c:\users\iwh-pc\documents\college\modern\it276\original\hyde\src\entity.h(129): error C2143: syntax error : missing ')' before '*'
     1>c:\users\iwh-pc\documents\college\modern\it276\original\hyde\src\entity.h(129): error C2143: syntax error : missing '{' before '*'
     1>c:\users\iwh-pc\documents\college\modern\it276\original\hyde\src\entity.h(129): error C2059: syntax error : ')'
     1>c:\users\iwh-pc\documents\college\modern\it276\original\hyde\src\entity.h(130): error C2143: syntax error : missing ')' before '*'
     1>c:\users\iwh-pc\documents\college\modern\it276\original\hyde\src\entity.h(130): error C2143: syntax error : missing '{' before '*'
     1>c:\users\iwh-pc\documents\college\modern\it276\original\hyde\src\entity.h(130): error C2059: syntax error : ')'
     1>c:\users\iwh-pc\documents\college\modern\it276\original\hyde\src\entity.h(131): error C2143: syntax error : missing ')' before '*'
     1>c:\users\iwh-pc\documents\college\modern\it276\original\hyde\src\entity.h(131): error C2143: syntax error : missing '{' before '*'
     1>c:\users\iwh-pc\documents\college\modern\it276\original\hyde\src\entity.h(131): error C2059: syntax error : ')'
     1>c:\users\iwh-pc\documents\college\modern\it276\original\hyde\src\entity.h(132): error C2143: syntax error : missing ')' before '*'
     1>c:\users\iwh-pc\documents\college\modern\it276\original\hyde\src\entity.h(132): error C2143: syntax error : missing '{' before '*'
     1>c:\users\iwh-pc\documents\college\modern\it276\original\hyde\src\entity.h(132): error C2059: syntax error : ')'
     1>c:\users\iwh-pc\documents\college\modern\it276\original\hyde\src\entity.h(135): error C2143: syntax error : missing ')' before '*'
     1>c:\users\iwh-pc\documents\college\modern\it276\original\hyde\src\entity.h(135): error C2143: syntax error : missing '{' before '*'
     1>c:\users\iwh-pc\documents\college\modern\it276\original\hyde\src\entity.h(135): error C2059: syntax error : ')'
     1>c:\users\iwh-pc\documents\college\modern\it276\original\hyde\src\entity.h(136): error C2143: syntax error : missing '{' before '*'
     1>c:\users\iwh-pc\documents\college\modern\it276\original\hyde\src\entity.h(139): error C2143: syntax error : missing ')' before '*'
     1>c:\users\iwh-pc\documents\college\modern\it276\original\hyde\src\entity.h(139): error C2143: syntax error : missing '{' before '*'
     1>c:\users\iwh-pc\documents\college\modern\it276\original\hyde\src\entity.h(139): error C2059: syntax error : 'type'
     1>c:\users\iwh-pc\documents\college\modern\it276\original\hyde\src\entity.h(139): error C2059: syntax error : ')'
     1>c:\users\iwh-pc\documents\college\modern\it276\original\hyde\src\weapon.h(11): error C2143: syntax error : missing ')' before '*'
     1>c:\users\iwh-pc\documents\college\modern\it276\original\hyde\src\weapon.h(11): error C2143: syntax error : missing '{' before '*'
     1>c:\users\iwh-pc\documents\college\modern\it276\original\hyde\src\weapon.h(11): error C2059: syntax error : ')'
     1>c:\users\iwh-pc\documents\college\modern\it276\original\hyde\src\weapon.h(12): error C2143: syntax error : missing ')' before '*'
     1>c:\users\iwh-pc\documents\college\modern\it276\original\hyde\src\weapon.h(12): error C2143: syntax error : missing '{' before '*'
     1>c:\users\iwh-pc\documents\college\modern\it276\original\hyde\src\weapon.h(12): error C2059: syntax error : ')'
     1>c:\users\iwh-pc\documents\college\modern\it276\original\hyde\src\level.h(17): error C2061: syntax error : identifier 'entity_t'
     1>c:\users\iwh-pc\documents\college\modern\it276\original\hyde\src\level.h(19): error C2059: syntax error : '}'
     1>src\entity.c(3): error C2061: syntax error : identifier 'listEntities'
     1>src\entity.c(3): error C2059: syntax error : ';'
     1>src\entity.c(3): error C3409: empty attribute block is not allowed
     1>src\entity.c(3): error C2143: syntax error : missing ']' before 'constant'
     1>src\entity.c(5): error C2143: syntax error : missing '{' before '*'
     1>src\entity.c(7): error C2143: syntax error : missing '{' before '*'
     1>src\entity.c(8): error C2143: syntax error : missing '{' before '*'
     1>src\entity.c(9): error C2143: syntax error : missing '{' before '*'
     1>src\entity.c(11): error C2143: syntax error : missing '{' before '*'
     1>src\entity.c(12): error C2143: syntax error : missing '{' before '*'
     1>src\entity.c(14): error C2143: syntax error : missing '{' before '*'
     1>src\entity.c(15): error C2143: syntax error : missing '{' before '*'
     1>src\entity.c(16): error C2143: syntax error : missing '{' before '*'
     1>src\entity.c(17): error C2143: syntax error : missing '{' before '*'
     1>src\entity.c(19): error C2143: syntax error : missing '{' before '*'
     1>src\entity.c(20): error C2143: syntax error : missing '{' before '*'
     1>src\entity.c(21): error C2143: syntax error : missing '{' before '*'
     1>src\entity.c(22): error C2143: syntax error : missing '{' before '*'
     1>src\entity.c(24): error C2143: syntax error : missing '{' before '*'
     1>src\entity.c(40): error C2143: syntax error : missing '{' before '*'
     1>src\entity.c(46): error C2065: 'listEntities' : undeclared identifier
     1>src\entity.c(46): error C2109: subscript requires array or pointer type
     1>src\entity.c(48): error C2065: 'listEntities' : undeclared identifier
     1>src\entity.c(48): error C2109: subscript requires array or pointer type
     1>src\entity.c(49): error C2065: 'listEntities' : undeclared identifier
     1>src\entity.c(49): error C2109: subscript requires array or pointer type
     1>src\entity.c(49): warning C4033: 'Init_Ent' must return a value
     1>src\entity.c(66): error C2143: syntax error : missing ')' before '*'
     1>src\entity.c(66): fatal error C1003: error count exceeds 100; stopping compilation
         game.c
     1>c:\users\iwh-pc\documents\college\modern\it276\original\hyde\src\graphics.h(29): error C2061: syntax error : identifier 'animSet_t'
     1>c:\users\iwh-pc\documents\college\modern\it276\original\hyde\src\graphics.h(35): error C2059: syntax error : '}'
     1>c:\users\iwh-pc\documents\college\modern\it276\original\hyde\src\graphics.h(40): error C2143: syntax error : missing '{' before '*'
     1>c:\users\iwh-pc\documents\college\modern\it276\original\hyde\src\graphics.h(47): error C2143: syntax error : missing ')' before '*'
     1>c:\users\iwh-pc\documents\college\modern\it276\original\hyde\src\graphics.h(47): error C2143: syntax error : missing '{' before '*'
     1>c:\users\iwh-pc\documents\college\modern\it276\original\hyde\src\graphics.h(47): error C2371: 'SDL_Surface' : redefinition; different basic types
                 c:\libraries\sdl-1.2.15\include\SDL_video.h(122) : see declaration of 'SDL_Surface'
     1>c:\users\iwh-pc\documents\college\modern\it276\original\hyde\src\graphics.h(47): error C2143: syntax error : missing ';' before '*'
     1>c:\users\iwh-pc\documents\college\modern\it276\original\hyde\src\graphics.h(47): error C2059: syntax error : 'type'
     1>c:\users\iwh-pc\documents\college\modern\it276\original\hyde\src\graphics.h(47): error C2059: syntax error : ')'
     1>c:\users\iwh-pc\documents\college\modern\it276\original\hyde\src\graphics.h(50): error C2061: syntax error : identifier 'setUpScreen'
     1>c:\users\iwh-pc\documents\college\modern\it276\original\hyde\src\graphics.h(50): error C2059: syntax error : ';'
     1>c:\users\iwh-pc\documents\college\modern\it276\original\hyde\src\graphics.h(50): error C2059: syntax error : ')'
     1>c:\users\iwh-pc\documents\college\modern\it276\original\hyde\src\graphics.h(57): error C2143: syntax error : missing '{' before '*'
     1>c:\users\iwh-pc\documents\college\modern\it276\original\hyde\src\entity.h(54): error C2061: syntax error : identifier 'sprite_t'
     1>c:\users\iwh-pc\documents\college\modern\it276\original\hyde\src\entity.h(102): error C2059: syntax error : '}'
     1>c:\users\iwh-pc\documents\college\modern\it276\original\hyde\src\entity.h(105): error C2143: syntax error : missing '{' before '*'
     1>c:\users\iwh-pc\documents\college\modern\it276\original\hyde\src\entity.h(106): error C2143: syntax error : missing ')' before '*'
     1>c:\users\iwh-pc\documents\college\modern\it276\original\hyde\src\entity.h(106): error C2143: syntax error : missing '{' before '*'
     1>c:\users\iwh-pc\documents\college\modern\it276\original\hyde\src\entity.h(106): error C2059: syntax error : ')'
     1>c:\users\iwh-pc\documents\college\modern\it276\original\hyde\src\entity.h(112): error C2143: syntax error : missing ')' before '*'
     1>c:\users\iwh-pc\documents\college\modern\it276\original\hyde\src\entity.h(112): error C2143: syntax error : missing '{' before '*'
     1>c:\users\iwh-pc\documents\college\modern\it276\original\hyde\src\entity.h(112): error C2143: syntax error : missing ';' before '*'
     1>c:\users\iwh-pc\documents\college\modern\it276\original\hyde\src\entity.h(112): error C2059: syntax error : 'type'
     1>c:\users\iwh-pc\documents\college\modern\it276\original\hyde\src\entity.h(112): error C2059: syntax error : ')'
     1>c:\users\iwh-pc\documents\college\modern\it276\original\hyde\src\entity.h(116): error C2143: syntax error : missing ')' before '*'
     1>c:\users\iwh-pc\documents\college\modern\it276\original\hyde\src\entity.h(116): error C2143: syntax error : missing '{' before '*'
     1>c:\users\iwh-pc\documents\college\modern\it276\original\hyde\src\entity.h(116): error C2059: syntax error : ')'
     1>c:\users\iwh-pc\documents\college\modern\it276\original\hyde\src\entity.h(117): error C2143: syntax error : missing ')' before '*'
     1>c:\users\iwh-pc\documents\college\modern\it276\original\hyde\src\entity.h(117): error C2143: syntax error : missing '{' before '*'
     1>c:\users\iwh-pc\documents\college\modern\it276\original\hyde\src\entity.h(117): error C2059: syntax error : ')'
     1>c:\users\iwh-pc\documents\college\modern\it276\original\hyde\src\entity.h(118): error C2143: syntax error : missing ')' before '*'
     1>c:\users\iwh-pc\documents\college\modern\it276\original\hyde\src\entity.h(118): error C2143: syntax error : missing '{' before '*'
     1>c:\users\iwh-pc\documents\college\modern\it276\original\hyde\src\entity.h(118): error C2059: syntax error : ')'
     1>c:\users\iwh-pc\documents\college\modern\it276\original\hyde\src\entity.h(119): error C2143: syntax error : missing ')' before '*'
     1>c:\users\iwh-pc\documents\college\modern\it276\original\hyde\src\entity.h(119): error C2143: syntax error : missing '{' before '*'
     1>c:\users\iwh-pc\documents\college\modern\it276\original\hyde\src\entity.h(119): error C2059: syntax error : ')'
     1>c:\users\iwh-pc\documents\college\modern\it276\original\hyde\src\entity.h(124): error C2143: syntax error : missing ')' before '*'
     1>c:\users\iwh-pc\documents\college\modern\it276\original\hyde\src\entity.h(124): error C2143: syntax error : missing '{' before '*'
     1>c:\users\iwh-pc\documents\college\modern\it276\original\hyde\src\entity.h(124): error C2059: syntax error : ')'
     1>c:\users\iwh-pc\documents\college\modern\it276\original\hyde\src\entity.h(125): error C2143: syntax error : missing ')' before '*'
     1>c:\users\iwh-pc\documents\college\modern\it276\original\hyde\src\entity.h(125): error C2143: syntax error : missing '{' before '*'
     1>c:\users\iwh-pc\documents\college\modern\it276\original\hyde\src\entity.h(125): error C2143: syntax error : missing ';' before '*'
     1>c:\users\iwh-pc\documents\college\modern\it276\original\hyde\src\entity.h(125): error C2059: syntax error : ')'
     1>c:\users\iwh-pc\documents\college\modern\it276\original\hyde\src\entity.h(128): error C2143: syntax error : missing ')' before '*'
     1>c:\users\iwh-pc\documents\college\modern\it276\original\hyde\src\entity.h(128): error C2143: syntax error : missing '{' before '*'
     1>c:\users\iwh-pc\documents\college\modern\it276\original\hyde\src\entity.h(128): error C2059: syntax error : ')'
     1>c:\users\iwh-pc\documents\college\modern\it276\original\hyde\src\entity.h(129): error C2143: syntax error : missing ')' before '*'
     1>c:\users\iwh-pc\documents\college\modern\it276\original\hyde\src\entity.h(129): error C2143: syntax error : missing '{' before '*'
     1>c:\users\iwh-pc\documents\college\modern\it276\original\hyde\src\entity.h(129): error C2059: syntax error : ')'
     1>c:\users\iwh-pc\documents\college\modern\it276\original\hyde\src\entity.h(130): error C2143: syntax error : missing ')' before '*'
     1>c:\users\iwh-pc\documents\college\modern\it276\original\hyde\src\entity.h(130): error C2143: syntax error : missing '{' before '*'
     1>c:\users\iwh-pc\documents\college\modern\it276\original\hyde\src\entity.h(130): error C2059: syntax error : ')'
     1>c:\users\iwh-pc\documents\college\modern\it276\original\hyde\src\entity.h(131): error C2143: syntax error : missing ')' before '*'
     1>c:\users\iwh-pc\documents\college\modern\it276\original\hyde\src\entity.h(131): error C2143: syntax error : missing '{' before '*'
     1>c:\users\iwh-pc\documents\college\modern\it276\original\hyde\src\entity.h(131): error C2059: syntax error : ')'
     1>c:\users\iwh-pc\documents\college\modern\it276\original\hyde\src\entity.h(132): error C2143: syntax error : missing ')' before '*'
     1>c:\users\iwh-pc\documents\college\modern\it276\original\hyde\src\entity.h(132): error C2143: syntax error : missing '{' before '*'
     1>c:\users\iwh-pc\documents\college\modern\it276\original\hyde\src\entity.h(132): error C2059: syntax error : ')'
     1>c:\users\iwh-pc\documents\college\modern\it276\original\hyde\src\entity.h(135): error C2143: syntax error : missing ')' before '*'
     1>c:\users\iwh-pc\documents\college\modern\it276\original\hyde\src\entity.h(135): error C2143: syntax error : missing '{' before '*'
     1>c:\users\iwh-pc\documents\college\modern\it276\original\hyde\src\entity.h(135): error C2059: syntax error : ')'
     1>c:\users\iwh-pc\documents\college\modern\it276\original\hyde\src\entity.h(136): error C2143: syntax error : missing '{' before '*'
     1>c:\users\iwh-pc\documents\college\modern\it276\original\hyde\src\entity.h(139): error C2143: syntax error : missing ')' before '*'
     1>c:\users\iwh-pc\documents\college\modern\it276\original\hyde\src\entity.h(139): error C2143: syntax error : missing '{' before '*'
     1>c:\users\iwh-pc\documents\college\modern\it276\original\hyde\src\entity.h(139): error C2059: syntax error : 'type'
     1>c:\users\iwh-pc\documents\college\modern\it276\original\hyde\src\entity.h(139): error C2059: syntax error : ')'
     1>c:\users\iwh-pc\documents\college\modern\it276\original\hyde\src\weapon.h(11): error C2143: syntax error : missing ')' before '*'
     1>c:\users\iwh-pc\documents\college\modern\it276\original\hyde\src\weapon.h(11): error C2143: syntax error : missing '{' before '*'
     1>c:\users\iwh-pc\documents\college\modern\it276\original\hyde\src\weapon.h(11): error C2059: syntax error : ')'
     1>c:\users\iwh-pc\documents\college\modern\it276\original\hyde\src\weapon.h(12): error C2143: syntax error : missing ')' before '*'
     1>c:\users\iwh-pc\documents\college\modern\it276\original\hyde\src\weapon.h(12): error C2143: syntax error : missing '{' before '*'
     1>c:\users\iwh-pc\documents\college\modern\it276\original\hyde\src\weapon.h(12): error C2059: syntax error : ')'
     1>c:\users\iwh-pc\documents\college\modern\it276\original\hyde\src\level.h(17): error C2061: syntax error : identifier 'entity_t'
     1>c:\users\iwh-pc\documents\college\modern\it276\original\hyde\src\level.h(19): error C2059: syntax error : '}'
     1>src\game.c(5): error C2143: syntax error : missing '{' before '*'
     1>src\game.c(17): error C2143: syntax error : missing '{' before '*'
     1>src\game.c(19): error C2143: syntax error : missing '{' before '*'
     1>src\game.c(20): error C2143: syntax error : missing '{' before '*'
     1>src\game.c(21): error C2143: syntax error : missing '{' before '*'
     1>src\game.c(23): error C2143: syntax error : missing '{' before '*'
     1>src\game.c(25): error C2143: syntax error : missing '{' before '*'
     1>src\game.c(26): error C2143: syntax error : missing '{' before '*'
     1>src\game.c(27): error C2143: syntax error : missing '{' before '*'
     1>src\game.c(28): error C2143: syntax error : missing '{' before '*'
     1>src\game.c(30): error C2143: syntax error : missing '{' before '*'
     1>src\game.c(31): error C2143: syntax error : missing '{' before '*'
     1>src\game.c(32): error C2143: syntax error : missing '{' before '*'
     1>src\game.c(33): error C2143: syntax error : missing '{' before '*'
     1>src\game.c(35): error C2143: syntax error : missing '{' before '*'
     1>src\game.c(37): error C2143: syntax error : missing '{' before '*'
     1>src\game.c(65): warning C4013: 'playerProperties' undefined; assuming extern returning int
     1>src\game.c(73): error C2223: left of '->classname' must point to struct/union
     1>src\game.c(73): error C2198: 'sprintf' : too few arguments for call
     1>src\game.c(75): error C2223: left of '->x' must point to struct/union
     1>src\game.c(76): error C2223: left of '->y' must point to struct/union
     1>src\game.c(78): error C2223: left of '->oldSprite' must point to struct/union
     1>src\game.c(80): error C2223: left of '->think' must point to struct/union
     1>src\game.c(80): error C2065: 'alphaThink' : undeclared identifier
     1>src\game.c(81): error C2223: left of '->nextThink' must point to struct/union
     1>src\game.c(83): error C2223: left of '->bBox' must point to struct/union
     1>src\game.c(84): error C2223: left of '->bBox' must point to struct/union
     1>src\game.c(86): error C2223: left of '->show' must point to struct/union
     1>src\game.c(86): fatal error C1003: error count exceeds 100; stopping compilation
         gfunc.c
     1>c:\users\iwh-pc\documents\college\modern\it276\original\hyde\src\graphics.h(29): error C2061: syntax error : identifier 'animSet_t'
     1>c:\users\iwh-pc\documents\college\modern\it276\original\hyde\src\graphics.h(35): error C2059: syntax error : '}'
     1>c:\users\iwh-pc\documents\college\modern\it276\original\hyde\src\graphics.h(40): error C2143: syntax error : missing '{' before '*'
     1>c:\users\iwh-pc\documents\college\modern\it276\original\hyde\src\graphics.h(47): error C2143: syntax error : missing ')' before '*'
     1>c:\users\iwh-pc\documents\college\modern\it276\original\hyde\src\graphics.h(47): error C2143: syntax error : missing '{' before '*'
     1>c:\users\iwh-pc\documents\college\modern\it276\original\hyde\src\graphics.h(47): error C2371: 'SDL_Surface' : redefinition; different basic types
                 c:\libraries\sdl-1.2.15\include\SDL_video.h(122) : see declaration of 'SDL_Surface'
     1>c:\users\iwh-pc\documents\college\modern\it276\original\hyde\src\graphics.h(47): error C2143: syntax error : missing ';' before '*'
     1>c:\users\iwh-pc\documents\college\modern\it276\original\hyde\src\graphics.h(47): error C2059: syntax error : 'type'
     1>c:\users\iwh-pc\documents\college\modern\it276\original\hyde\src\graphics.h(47): error C2059: syntax error : ')'
     1>c:\users\iwh-pc\documents\college\modern\it276\original\hyde\src\graphics.h(50): error C2061: syntax error : identifier 'setUpScreen'
     1>c:\users\iwh-pc\documents\college\modern\it276\original\hyde\src\graphics.h(50): error C2059: syntax error : ';'
     1>c:\users\iwh-pc\documents\college\modern\it276\original\hyde\src\graphics.h(50): error C2059: syntax error : ')'
     1>c:\users\iwh-pc\documents\college\modern\it276\original\hyde\src\graphics.h(57): error C2143: syntax error : missing '{' before '*'
     1>c:\users\iwh-pc\documents\college\modern\it276\original\hyde\src\entity.h(54): error C2061: syntax error : identifier 'sprite_t'
     1>c:\users\iwh-pc\documents\college\modern\it276\original\hyde\src\entity.h(102): error C2059: syntax error : '}'
     1>c:\users\iwh-pc\documents\college\modern\it276\original\hyde\src\entity.h(105): error C2143: syntax error : missing '{' before '*'
     1>c:\users\iwh-pc\documents\college\modern\it276\original\hyde\src\entity.h(106): error C2143: syntax error : missing ')' before '*'
     1>c:\users\iwh-pc\documents\college\modern\it276\original\hyde\src\entity.h(106): error C2143: syntax error : missing '{' before '*'
     1>c:\users\iwh-pc\documents\college\modern\it276\original\hyde\src\entity.h(106): error C2059: syntax error : ')'
     1>c:\users\iwh-pc\documents\college\modern\it276\original\hyde\src\entity.h(112): error C2143: syntax error : missing ')' before '*'
     1>c:\users\iwh-pc\documents\college\modern\it276\original\hyde\src\entity.h(112): error C2143: syntax error : missing '{' before '*'
     1>c:\users\iwh-pc\documents\college\modern\it276\original\hyde\src\entity.h(112): error C2143: syntax error : missing ';' before '*'
     1>c:\users\iwh-pc\documents\college\modern\it276\original\hyde\src\entity.h(112): error C2059: syntax error : 'type'
     1>c:\users\iwh-pc\documents\college\modern\it276\original\hyde\src\entity.h(112): error C2059: syntax error : ')'
     1>c:\users\iwh-pc\documents\college\modern\it276\original\hyde\src\entity.h(116): error C2143: syntax error : missing ')' before '*'
     1>c:\users\iwh-pc\documents\college\modern\it276\original\hyde\src\entity.h(116): error C2143: syntax error : missing '{' before '*'
     1>c:\users\iwh-pc\documents\college\modern\it276\original\hyde\src\entity.h(116): error C2059: syntax error : ')'
     1>c:\users\iwh-pc\documents\college\modern\it276\original\hyde\src\entity.h(117): error C2143: syntax error : missing ')' before '*'
     1>c:\users\iwh-pc\documents\college\modern\it276\original\hyde\src\entity.h(117): error C2143: syntax error : missing '{' before '*'
     1>c:\users\iwh-pc\documents\college\modern\it276\original\hyde\src\entity.h(117): error C2059: syntax error : ')'
     1>c:\users\iwh-pc\documents\college\modern\it276\original\hyde\src\entity.h(118): error C2143: syntax error : missing ')' before '*'
     1>c:\users\iwh-pc\documents\college\modern\it276\original\hyde\src\entity.h(118): error C2143: syntax error : missing '{' before '*'
     1>c:\users\iwh-pc\documents\college\modern\it276\original\hyde\src\entity.h(118): error C2059: syntax error : ')'
     1>c:\users\iwh-pc\documents\college\modern\it276\original\hyde\src\entity.h(119): error C2143: syntax error : missing ')' before '*'
     1>c:\users\iwh-pc\documents\college\modern\it276\original\hyde\src\entity.h(119): error C2143: syntax error : missing '{' before '*'
     1>c:\users\iwh-pc\documents\college\modern\it276\original\hyde\src\entity.h(119): error C2059: syntax error : ')'
     1>c:\users\iwh-pc\documents\college\modern\it276\original\hyde\src\entity.h(124): error C2143: syntax error : missing ')' before '*'
     1>c:\users\iwh-pc\documents\college\modern\it276\original\hyde\src\entity.h(124): error C2143: syntax error : missing '{' before '*'
     1>c:\users\iwh-pc\documents\college\modern\it276\original\hyde\src\entity.h(124): error C2059: syntax error : ')'
     1>c:\users\iwh-pc\documents\college\modern\it276\original\hyde\src\entity.h(125): error C2143: syntax error : missing ')' before '*'
     1>c:\users\iwh-pc\documents\college\modern\it276\original\hyde\src\entity.h(125): error C2143: syntax error : missing '{' before '*'
     1>c:\users\iwh-pc\documents\college\modern\it276\original\hyde\src\entity.h(125): error C2143: syntax error : missing ';' before '*'
     1>c:\users\iwh-pc\documents\college\modern\it276\original\hyde\src\entity.h(125): error C2059: syntax error : ')'
     1>c:\users\iwh-pc\documents\college\modern\it276\original\hyde\src\entity.h(128): error C2143: syntax error : missing ')' before '*'
     1>c:\users\iwh-pc\documents\college\modern\it276\original\hyde\src\entity.h(128): error C2143: syntax error : missing '{' before '*'
     1>c:\users\iwh-pc\documents\college\modern\it276\original\hyde\src\entity.h(128): error C2059: syntax error : ')'
     1>c:\users\iwh-pc\documents\college\modern\it276\original\hyde\src\entity.h(129): error C2143: syntax error : missing ')' before '*'
     1>c:\users\iwh-pc\documents\college\modern\it276\original\hyde\src\entity.h(129): error C2143: syntax error : missing '{' before '*'
     1>c:\users\iwh-pc\documents\college\modern\it276\original\hyde\src\entity.h(129): error C2059: syntax error : ')'
     1>c:\users\iwh-pc\documents\college\modern\it276\original\hyde\src\entity.h(130): error C2143: syntax error : missing ')' before '*'
     1>c:\users\iwh-pc\documents\college\modern\it276\original\hyde\src\entity.h(130): error C2143: syntax error : missing '{' before '*'
     1>c:\users\iwh-pc\documents\college\modern\it276\original\hyde\src\entity.h(130): error C2059: syntax error : ')'
     1>c:\users\iwh-pc\documents\college\modern\it276\original\hyde\src\entity.h(131): error C2143: syntax error : missing ')' before '*'
     1>c:\users\iwh-pc\documents\college\modern\it276\original\hyde\src\entity.h(131): error C2143: syntax error : missing '{' before '*'
     1>c:\users\iwh-pc\documents\college\modern\it276\original\hyde\src\entity.h(131): error C2059: syntax error : ')'
     1>c:\users\iwh-pc\documents\college\modern\it276\original\hyde\src\entity.h(132): error C2143: syntax error : missing ')' before '*'
     1>c:\users\iwh-pc\documents\college\modern\it276\original\hyde\src\entity.h(132): error C2143: syntax error : missing '{' before '*'
     1>c:\users\iwh-pc\documents\college\modern\it276\original\hyde\src\entity.h(132): error C2059: syntax error : ')'
     1>c:\users\iwh-pc\documents\college\modern\it276\original\hyde\src\entity.h(135): error C2143: syntax error : missing ')' before '*'
     1>c:\users\iwh-pc\documents\college\modern\it276\original\hyde\src\entity.h(135): error C2143: syntax error : missing '{' before '*'
     1>c:\users\iwh-pc\documents\college\modern\it276\original\hyde\src\entity.h(135): error C2059: syntax error : ')'
     1>c:\users\iwh-pc\documents\college\modern\it276\original\hyde\src\entity.h(136): error C2143: syntax error : missing '{' before '*'
     1>c:\users\iwh-pc\documents\college\modern\it276\original\hyde\src\entity.h(139): error C2143: syntax error : missing ')' before '*'
     1>c:\users\iwh-pc\documents\college\modern\it276\original\hyde\src\entity.h(139): error C2143: syntax error : missing '{' before '*'
     1>c:\users\iwh-pc\documents\college\modern\it276\original\hyde\src\entity.h(139): error C2059: syntax error : 'type'
     1>c:\users\iwh-pc\documents\college\modern\it276\original\hyde\src\entity.h(139): error C2059: syntax error : ')'
     1>c:\users\iwh-pc\documents\college\modern\it276\original\hyde\src\weapon.h(11): error C2143: syntax error : missing ')' before '*'
     1>c:\users\iwh-pc\documents\college\modern\it276\original\hyde\src\weapon.h(11): error C2143: syntax error : missing '{' before '*'
     1>c:\users\iwh-pc\documents\college\modern\it276\original\hyde\src\weapon.h(11): error C2059: syntax error : ')'
     1>c:\users\iwh-pc\documents\college\modern\it276\original\hyde\src\weapon.h(12): error C2143: syntax error : missing ')' before '*'
     1>c:\users\iwh-pc\documents\college\modern\it276\original\hyde\src\weapon.h(12): error C2143: syntax error : missing '{' before '*'
     1>c:\users\iwh-pc\documents\college\modern\it276\original\hyde\src\weapon.h(12): error C2059: syntax error : ')'
     1>c:\users\iwh-pc\documents\college\modern\it276\original\hyde\src\level.h(17): error C2061: syntax error : identifier 'entity_t'
     1>c:\users\iwh-pc\documents\college\modern\it276\original\hyde\src\level.h(19): error C2059: syntax error : '}'
     1>src\gfunc.c(20): error C2143: syntax error : missing '{' before '*'
     1>src\gfunc.c(21): error C2143: syntax error : missing '{' before '*'
     1>src\gfunc.c(22): error C2143: syntax error : missing '{' before '*'
     1>src\gfunc.c(29): error C2061: syntax error : identifier 'levels'
     1>src\gfunc.c(29): error C2059: syntax error : ';'
     1>src\gfunc.c(29): error C3409: empty attribute block is not allowed
     1>src\gfunc.c(29): error C2143: syntax error : missing ']' before 'constant'
     1>src\gfunc.c(52): error C2143: syntax error : missing '{' before '*'
     1>src\gfunc.c(53): error C2143: syntax error : missing '{' before '*'
     1>src\gfunc.c(55): error C2143: syntax error : missing '{' before '*'
     1>src\gfunc.c(56): error C2143: syntax error : missing '{' before '*'
     1>src\gfunc.c(57): error C2143: syntax error : missing '{' before '*'
     1>src\gfunc.c(58): error C2143: syntax error : missing '{' before '*'
     1>src\gfunc.c(81): warning C4013: 'setUpScreen' undefined; assuming extern returning int
     1>src\gfunc.c(175): error C2065: 'levels' : undeclared identifier
     1>src\gfunc.c(175): error C2109: subscript requires array or pointer type
     1>src\gfunc.c(177): error C2223: left of '->level' must point to struct/union
     1>src\gfunc.c(177): error C2198: 'sprintf' : too few arguments for call
     1>src\gfunc.c(178): error C2223: left of '->backgrounds' must point to struct/union
     1>src\gfunc.c(180): error C2223: left of '->lvlEntities' must point to struct/union
     1>src\gfunc.c(181): error C2223: left of '->lvlEntities' must point to struct/union
     1>src\gfunc.c(182): error C2223: left of '->lvlEntities' must point to struct/union
     1>src\gfunc.c(183): error C2223: left of '->lvlEntities' must point to struct/union
     1>src\gfunc.c(185): error C2065: 'levels' : undeclared identifier
     1>src\gfunc.c(185): error C2109: subscript requires array or pointer type
     1>src\gfunc.c(187): error C2223: left of '->level' must point to struct/union
     1>src\gfunc.c(187): error C2198: 'sprintf' : too few arguments for call
     1>src\gfunc.c(188): error C2223: left of '->backgrounds' must point to struct/union
     1>src\gfunc.c(188): fatal error C1003: error count exceeds 100; stopping compilation
         graphics.c
     1>c:\users\iwh-pc\documents\college\modern\it276\original\hyde\src\graphics.h(29): error C2061: syntax error : identifier 'animSet_t'
     1>c:\users\iwh-pc\documents\college\modern\it276\original\hyde\src\graphics.h(35): error C2059: syntax error : '}'
     1>c:\users\iwh-pc\documents\college\modern\it276\original\hyde\src\graphics.h(40): error C2143: syntax error : missing '{' before '*'
     1>c:\users\iwh-pc\documents\college\modern\it276\original\hyde\src\graphics.h(47): error C2143: syntax error : missing ')' before '*'
     1>c:\users\iwh-pc\documents\college\modern\it276\original\hyde\src\graphics.h(47): error C2143: syntax error : missing '{' before '*'
     1>c:\users\iwh-pc\documents\college\modern\it276\original\hyde\src\graphics.h(47): error C2371: 'SDL_Surface' : redefinition; different basic types
                 c:\libraries\sdl-1.2.15\include\SDL_video.h(122) : see declaration of 'SDL_Surface'
     1>c:\users\iwh-pc\documents\college\modern\it276\original\hyde\src\graphics.h(47): error C2143: syntax error : missing ';' before '*'
     1>c:\users\iwh-pc\documents\college\modern\it276\original\hyde\src\graphics.h(47): error C2059: syntax error : 'type'
     1>c:\users\iwh-pc\documents\college\modern\it276\original\hyde\src\graphics.h(47): error C2059: syntax error : ')'
     1>c:\users\iwh-pc\documents\college\modern\it276\original\hyde\src\graphics.h(50): error C2061: syntax error : identifier 'setUpScreen'
     1>c:\users\iwh-pc\documents\college\modern\it276\original\hyde\src\graphics.h(50): error C2059: syntax error : ';'
     1>c:\users\iwh-pc\documents\college\modern\it276\original\hyde\src\graphics.h(50): error C2059: syntax error : ')'
     1>c:\users\iwh-pc\documents\college\modern\it276\original\hyde\src\graphics.h(57): error C2143: syntax error : missing '{' before '*'
     1>c:\users\iwh-pc\documents\college\modern\it276\original\hyde\src\entity.h(54): error C2061: syntax error : identifier 'sprite_t'
     1>c:\users\iwh-pc\documents\college\modern\it276\original\hyde\src\entity.h(102): error C2059: syntax error : '}'
     1>c:\users\iwh-pc\documents\college\modern\it276\original\hyde\src\entity.h(105): error C2143: syntax error : missing '{' before '*'
     1>c:\users\iwh-pc\documents\college\modern\it276\original\hyde\src\entity.h(106): error C2143: syntax error : missing ')' before '*'
     1>c:\users\iwh-pc\documents\college\modern\it276\original\hyde\src\entity.h(106): error C2143: syntax error : missing '{' before '*'
     1>c:\users\iwh-pc\documents\college\modern\it276\original\hyde\src\entity.h(106): error C2059: syntax error : ')'
     1>c:\users\iwh-pc\documents\college\modern\it276\original\hyde\src\entity.h(112): error C2143: syntax error : missing ')' before '*'
     1>c:\users\iwh-pc\documents\college\modern\it276\original\hyde\src\entity.h(112): error C2143: syntax error : missing '{' before '*'
     1>c:\users\iwh-pc\documents\college\modern\it276\original\hyde\src\entity.h(112): error C2143: syntax error : missing ';' before '*'
     1>c:\users\iwh-pc\documents\college\modern\it276\original\hyde\src\entity.h(112): error C2059: syntax error : 'type'
     1>c:\users\iwh-pc\documents\college\modern\it276\original\hyde\src\entity.h(112): error C2059: syntax error : ')'
     1>c:\users\iwh-pc\documents\college\modern\it276\original\hyde\src\entity.h(116): error C2143: syntax error : missing ')' before '*'
     1>c:\users\iwh-pc\documents\college\modern\it276\original\hyde\src\entity.h(116): error C2143: syntax error : missing '{' before '*'
     1>c:\users\iwh-pc\documents\college\modern\it276\original\hyde\src\entity.h(116): error C2059: syntax error : ')'
     1>c:\users\iwh-pc\documents\college\modern\it276\original\hyde\src\entity.h(117): error C2143: syntax error : missing ')' before '*'
     1>c:\users\iwh-pc\documents\college\modern\it276\original\hyde\src\entity.h(117): error C2143: syntax error : missing '{' before '*'
     1>c:\users\iwh-pc\documents\college\modern\it276\original\hyde\src\entity.h(117): error C2059: syntax error : ')'
     1>c:\users\iwh-pc\documents\college\modern\it276\original\hyde\src\entity.h(118): error C2143: syntax error : missing ')' before '*'
     1>c:\users\iwh-pc\documents\college\modern\it276\original\hyde\src\entity.h(118): error C2143: syntax error : missing '{' before '*'
     1>c:\users\iwh-pc\documents\college\modern\it276\original\hyde\src\entity.h(118): error C2059: syntax error : ')'
     1>c:\users\iwh-pc\documents\college\modern\it276\original\hyde\src\entity.h(119): error C2143: syntax error : missing ')' before '*'
     1>c:\users\iwh-pc\documents\college\modern\it276\original\hyde\src\entity.h(119): error C2143: syntax error : missing '{' before '*'
     1>c:\users\iwh-pc\documents\college\modern\it276\original\hyde\src\entity.h(119): error C2059: syntax error : ')'
     1>c:\users\iwh-pc\documents\college\modern\it276\original\hyde\src\entity.h(124): error C2143: syntax error : missing ')' before '*'
     1>c:\users\iwh-pc\documents\college\modern\it276\original\hyde\src\entity.h(124): error C2143: syntax error : missing '{' before '*'
     1>c:\users\iwh-pc\documents\college\modern\it276\original\hyde\src\entity.h(124): error C2059: syntax error : ')'
     1>c:\users\iwh-pc\documents\college\modern\it276\original\hyde\src\entity.h(125): error C2143: syntax error : missing ')' before '*'
     1>c:\users\iwh-pc\documents\college\modern\it276\original\hyde\src\entity.h(125): error C2143: syntax error : missing '{' before '*'
     1>c:\users\iwh-pc\documents\college\modern\it276\original\hyde\src\entity.h(125): error C2143: syntax error : missing ';' before '*'
     1>c:\users\iwh-pc\documents\college\modern\it276\original\hyde\src\entity.h(125): error C2059: syntax error : ')'
     1>c:\users\iwh-pc\documents\college\modern\it276\original\hyde\src\entity.h(128): error C2143: syntax error : missing ')' before '*'
     1>c:\users\iwh-pc\documents\college\modern\it276\original\hyde\src\entity.h(128): error C2143: syntax error : missing '{' before '*'
     1>c:\users\iwh-pc\documents\college\modern\it276\original\hyde\src\entity.h(128): error C2059: syntax error : ')'
     1>c:\users\iwh-pc\documents\college\modern\it276\original\hyde\src\entity.h(129): error C2143: syntax error : missing ')' before '*'
     1>c:\users\iwh-pc\documents\college\modern\it276\original\hyde\src\entity.h(129): error C2143: syntax error : missing '{' before '*'
     1>c:\users\iwh-pc\documents\college\modern\it276\original\hyde\src\entity.h(129): error C2059: syntax error : ')'
     1>c:\users\iwh-pc\documents\college\modern\it276\original\hyde\src\entity.h(130): error C2143: syntax error : missing ')' before '*'
     1>c:\users\iwh-pc\documents\college\modern\it276\original\hyde\src\entity.h(130): error C2143: syntax error : missing '{' before '*'
     1>c:\users\iwh-pc\documents\college\modern\it276\original\hyde\src\entity.h(130): error C2059: syntax error : ')'
     1>c:\users\iwh-pc\documents\college\modern\it276\original\hyde\src\entity.h(131): error C2143: syntax error : missing ')' before '*'
     1>c:\users\iwh-pc\documents\college\modern\it276\original\hyde\src\entity.h(131): error C2143: syntax error : missing '{' before '*'
     1>c:\users\iwh-pc\documents\college\modern\it276\original\hyde\src\entity.h(131): error C2059: syntax error : ')'
     1>c:\users\iwh-pc\documents\college\modern\it276\original\hyde\src\entity.h(132): error C2143: syntax error : missing ')' before '*'
     1>c:\users\iwh-pc\documents\college\modern\it276\original\hyde\src\entity.h(132): error C2143: syntax error : missing '{' before '*'
     1>c:\users\iwh-pc\documents\college\modern\it276\original\hyde\src\entity.h(132): error C2059: syntax error : ')'
     1>c:\users\iwh-pc\documents\college\modern\it276\original\hyde\src\entity.h(135): error C2143: syntax error : missing ')' before '*'
     1>c:\users\iwh-pc\documents\college\modern\it276\original\hyde\src\entity.h(135): error C2143: syntax error : missing '{' before '*'
     1>c:\users\iwh-pc\documents\college\modern\it276\original\hyde\src\entity.h(135): error C2059: syntax error : ')'
     1>c:\users\iwh-pc\documents\college\modern\it276\original\hyde\src\entity.h(136): error C2143: syntax error : missing '{' before '*'
     1>c:\users\iwh-pc\documents\college\modern\it276\original\hyde\src\entity.h(139): error C2143: syntax error : missing ')' before '*'
     1>c:\users\iwh-pc\documents\college\modern\it276\original\hyde\src\entity.h(139): error C2143: syntax error : missing '{' before '*'
     1>c:\users\iwh-pc\documents\college\modern\it276\original\hyde\src\entity.h(139): error C2059: syntax error : 'type'
     1>c:\users\iwh-pc\documents\college\modern\it276\original\hyde\src\entity.h(139): error C2059: syntax error : ')'
     1>c:\users\iwh-pc\documents\college\modern\it276\original\hyde\src\weapon.h(11): error C2143: syntax error : missing ')' before '*'
     1>c:\users\iwh-pc\documents\college\modern\it276\original\hyde\src\weapon.h(11): error C2143: syntax error : missing '{' before '*'
     1>c:\users\iwh-pc\documents\college\modern\it276\original\hyde\src\weapon.h(11): error C2059: syntax error : ')'
     1>c:\users\iwh-pc\documents\college\modern\it276\original\hyde\src\weapon.h(12): error C2143: syntax error : missing ')' before '*'
     1>c:\users\iwh-pc\documents\college\modern\it276\original\hyde\src\weapon.h(12): error C2143: syntax error : missing '{' before '*'
     1>c:\users\iwh-pc\documents\college\modern\it276\original\hyde\src\weapon.h(12): error C2059: syntax error : ')'
     1>c:\users\iwh-pc\documents\college\modern\it276\original\hyde\src\level.h(17): error C2061: syntax error : identifier 'entity_t'
     1>c:\users\iwh-pc\documents\college\modern\it276\original\hyde\src\level.h(19): error C2059: syntax error : '}'
     1>src\graphics.c(5): error C2061: syntax error : identifier 'listSprites'
     1>src\graphics.c(5): error C2059: syntax error : ';'
     1>src\graphics.c(5): error C3409: empty attribute block is not allowed
     1>src\graphics.c(5): error C2143: syntax error : missing ']' before 'constant'
     1>src\graphics.c(50): error C2143: syntax error : missing '{' before '*'
     1>src\graphics.c(58): error C2065: 'listSprites' : undeclared identifier
     1>src\graphics.c(58): error C2109: subscript requires array or pointer type
     1>src\graphics.c(58): warning C4047: 'function' : 'const char *' differs in levels of indirection from 'int'
     1>src\graphics.c(58): warning C4024: 'strncmp' : different types for formal and actual parameter 2
     1>src\graphics.c(58): error C2198: 'strncmp' : too few arguments for call
     1>src\graphics.c(60): error C2065: 'listSprites' : undeclared identifier
     1>src\graphics.c(60): error C2109: subscript requires array or pointer type
     1>src\graphics.c(61): error C2065: 'listSprites' : undeclared identifier
     1>src\graphics.c(61): error C2109: subscript requires array or pointer type
     1>src\graphics.c(61): warning C4033: 'load' must return a value
     1>src\graphics.c(76): error C2065: 'listSprites' : undeclared identifier
     1>src\graphics.c(76): error C2109: subscript requires array or pointer type
     1>src\graphics.c(85): error C2065: 'listSprites' : undeclared identifier
     1>src\graphics.c(85): error C2109: subscript requires array or pointer type
     1>src\graphics.c(89): error C2065: 'listSprites' : undeclared identifier
     1>src\graphics.c(89): error C2109: subscript requires array or pointer type
     1>src\graphics.c(89): warning C4047: 'function' : 'SDL_Surface *' differs in levels of indirection from 'int'
     1>src\graphics.c(89): warning C4024: 'SDL_SetColorKey' : different types for formal and actual parameter 1
     1>src\graphics.c(89): error C2065: 'listSprites' : undeclared identifier
     1>src\graphics.c(89): error C2109: subscript requires array or pointer type
     1>src\graphics.c(89): warning C4047: 'function' : 'const SDL_PixelFormat *const ' differs in levels of indirection from 'int'
     1>src\graphics.c(89): warning C4024: 'SDL_MapRGB' : different types for formal and actual parameter 1
     1>src\graphics.c(89): error C2198: 'SDL_MapRGB' : too few arguments for call
     1>src\graphics.c(89): error C2198: 'SDL_SetColorKey' : too few arguments for call
     1>src\graphics.c(91): error C2065: 'listSprites' : undeclared identifier
     1>src\graphics.c(91): error C2109: subscript requires array or pointer type
     1>src\graphics.c(91): warning C4047: 'function' : 'const char *' differs in levels of indirection from 'int'
     1>src\graphics.c(91): warning C4024: 'strncpy' : different types for formal and actual parameter 2
     1>src\graphics.c(91): error C2198: 'strncpy' : too few arguments for call
     1>src\graphics.c(94): error C2065: 'listSprites' : undeclared identifier
     1>src\graphics.c(94): error C2109: subscript requires array or pointer type
     1>src\graphics.c(94): fatal error C1003: error count exceeds 100; stopping compilation
         level.c
     1>c:\users\iwh-pc\documents\college\modern\it276\original\hyde\src\graphics.h(29): error C2061: syntax error : identifier 'animSet_t'
     1>c:\users\iwh-pc\documents\college\modern\it276\original\hyde\src\graphics.h(35): error C2059: syntax error : '}'
     1>c:\users\iwh-pc\documents\college\modern\it276\original\hyde\src\graphics.h(40): error C2143: syntax error : missing '{' before '*'
     1>c:\users\iwh-pc\documents\college\modern\it276\original\hyde\src\graphics.h(47): error C2143: syntax error : missing ')' before '*'
     1>c:\users\iwh-pc\documents\college\modern\it276\original\hyde\src\graphics.h(47): error C2143: syntax error : missing '{' before '*'
     1>c:\users\iwh-pc\documents\college\modern\it276\original\hyde\src\graphics.h(47): error C2371: 'SDL_Surface' : redefinition; different basic types
                 c:\libraries\sdl-1.2.15\include\SDL_video.h(122) : see declaration of 'SDL_Surface'
     1>c:\users\iwh-pc\documents\college\modern\it276\original\hyde\src\graphics.h(47): error C2143: syntax error : missing ';' before '*'
     1>c:\users\iwh-pc\documents\college\modern\it276\original\hyde\src\graphics.h(47): error C2059: syntax error : 'type'
     1>c:\users\iwh-pc\documents\college\modern\it276\original\hyde\src\graphics.h(47): error C2059: syntax error : ')'
     1>c:\users\iwh-pc\documents\college\modern\it276\original\hyde\src\graphics.h(50): error C2061: syntax error : identifier 'setUpScreen'
     1>c:\users\iwh-pc\documents\college\modern\it276\original\hyde\src\graphics.h(50): error C2059: syntax error : ';'
     1>c:\users\iwh-pc\documents\college\modern\it276\original\hyde\src\graphics.h(50): error C2059: syntax error : ')'
     1>c:\users\iwh-pc\documents\college\modern\it276\original\hyde\src\graphics.h(57): error C2143: syntax error : missing '{' before '*'
     1>c:\users\iwh-pc\documents\college\modern\it276\original\hyde\src\entity.h(54): error C2061: syntax error : identifier 'sprite_t'
     1>c:\users\iwh-pc\documents\college\modern\it276\original\hyde\src\entity.h(102): error C2059: syntax error : '}'
     1>c:\users\iwh-pc\documents\college\modern\it276\original\hyde\src\entity.h(105): error C2143: syntax error : missing '{' before '*'
     1>c:\users\iwh-pc\documents\college\modern\it276\original\hyde\src\entity.h(106): error C2143: syntax error : missing ')' before '*'
     1>c:\users\iwh-pc\documents\college\modern\it276\original\hyde\src\entity.h(106): error C2143: syntax error : missing '{' before '*'
     1>c:\users\iwh-pc\documents\college\modern\it276\original\hyde\src\entity.h(106): error C2059: syntax error : ')'
     1>c:\users\iwh-pc\documents\college\modern\it276\original\hyde\src\entity.h(112): error C2143: syntax error : missing ')' before '*'
     1>c:\users\iwh-pc\documents\college\modern\it276\original\hyde\src\entity.h(112): error C2143: syntax error : missing '{' before '*'
     1>c:\users\iwh-pc\documents\college\modern\it276\original\hyde\src\entity.h(112): error C2143: syntax error : missing ';' before '*'
     1>c:\users\iwh-pc\documents\college\modern\it276\original\hyde\src\entity.h(112): error C2059: syntax error : 'type'
     1>c:\users\iwh-pc\documents\college\modern\it276\original\hyde\src\entity.h(112): error C2059: syntax error : ')'
     1>c:\users\iwh-pc\documents\college\modern\it276\original\hyde\src\entity.h(116): error C2143: syntax error : missing ')' before '*'
     1>c:\users\iwh-pc\documents\college\modern\it276\original\hyde\src\entity.h(116): error C2143: syntax error : missing '{' before '*'
     1>c:\users\iwh-pc\documents\college\modern\it276\original\hyde\src\entity.h(116): error C2059: syntax error : ')'
     1>c:\users\iwh-pc\documents\college\modern\it276\original\hyde\src\entity.h(117): error C2143: syntax error : missing ')' before '*'
     1>c:\users\iwh-pc\documents\college\modern\it276\original\hyde\src\entity.h(117): error C2143: syntax error : missing '{' before '*'
     1>c:\users\iwh-pc\documents\college\modern\it276\original\hyde\src\entity.h(117): error C2059: syntax error : ')'
     1>c:\users\iwh-pc\documents\college\modern\it276\original\hyde\src\entity.h(118): error C2143: syntax error : missing ')' before '*'
     1>c:\users\iwh-pc\documents\college\modern\it276\original\hyde\src\entity.h(118): error C2143: syntax error : missing '{' before '*'
     1>c:\users\iwh-pc\documents\college\modern\it276\original\hyde\src\entity.h(118): error C2059: syntax error : ')'
     1>c:\users\iwh-pc\documents\college\modern\it276\original\hyde\src\entity.h(119): error C2143: syntax error : missing ')' before '*'
     1>c:\users\iwh-pc\documents\college\modern\it276\original\hyde\src\entity.h(119): error C2143: syntax error : missing '{' before '*'
     1>c:\users\iwh-pc\documents\college\modern\it276\original\hyde\src\entity.h(119): error C2059: syntax error : ')'
     1>c:\users\iwh-pc\documents\college\modern\it276\original\hyde\src\entity.h(124): error C2143: syntax error : missing ')' before '*'
     1>c:\users\iwh-pc\documents\college\modern\it276\original\hyde\src\entity.h(124): error C2143: syntax error : missing '{' before '*'
     1>c:\users\iwh-pc\documents\college\modern\it276\original\hyde\src\entity.h(124): error C2059: syntax error : ')'
     1>c:\users\iwh-pc\documents\college\modern\it276\original\hyde\src\entity.h(125): error C2143: syntax error : missing ')' before '*'
     1>c:\users\iwh-pc\documents\college\modern\it276\original\hyde\src\entity.h(125): error C2143: syntax error : missing '{' before '*'
     1>c:\users\iwh-pc\documents\college\modern\it276\original\hyde\src\entity.h(125): error C2143: syntax error : missing ';' before '*'
     1>c:\users\iwh-pc\documents\college\modern\it276\original\hyde\src\entity.h(125): error C2059: syntax error : ')'
     1>c:\users\iwh-pc\documents\college\modern\it276\original\hyde\src\entity.h(128): error C2143: syntax error : missing ')' before '*'
     1>c:\users\iwh-pc\documents\college\modern\it276\original\hyde\src\entity.h(128): error C2143: syntax error : missing '{' before '*'
     1>c:\users\iwh-pc\documents\college\modern\it276\original\hyde\src\entity.h(128): error C2059: syntax error : ')'
     1>c:\users\iwh-pc\documents\college\modern\it276\original\hyde\src\entity.h(129): error C2143: syntax error : missing ')' before '*'
     1>c:\users\iwh-pc\documents\college\modern\it276\original\hyde\src\entity.h(129): error C2143: syntax error : missing '{' before '*'
     1>c:\users\iwh-pc\documents\college\modern\it276\original\hyde\src\entity.h(129): error C2059: syntax error : ')'
     1>c:\users\iwh-pc\documents\college\modern\it276\original\hyde\src\entity.h(130): error C2143: syntax error : missing ')' before '*'
     1>c:\users\iwh-pc\documents\college\modern\it276\original\hyde\src\entity.h(130): error C2143: syntax error : missing '{' before '*'
     1>c:\users\iwh-pc\documents\college\modern\it276\original\hyde\src\entity.h(130): error C2059: syntax error : ')'
     1>c:\users\iwh-pc\documents\college\modern\it276\original\hyde\src\entity.h(131): error C2143: syntax error : missing ')' before '*'
     1>c:\users\iwh-pc\documents\college\modern\it276\original\hyde\src\entity.h(131): error C2143: syntax error : missing '{' before '*'
     1>c:\users\iwh-pc\documents\college\modern\it276\original\hyde\src\entity.h(131): error C2059: syntax error : ')'
     1>c:\users\iwh-pc\documents\college\modern\it276\original\hyde\src\entity.h(132): error C2143: syntax error : missing ')' before '*'
     1>c:\users\iwh-pc\documents\college\modern\it276\original\hyde\src\entity.h(132): error C2143: syntax error : missing '{' before '*'
     1>c:\users\iwh-pc\documents\college\modern\it276\original\hyde\src\entity.h(132): error C2059: syntax error : ')'
     1>c:\users\iwh-pc\documents\college\modern\it276\original\hyde\src\entity.h(135): error C2143: syntax error : missing ')' before '*'
     1>c:\users\iwh-pc\documents\college\modern\it276\original\hyde\src\entity.h(135): error C2143: syntax error : missing '{' before '*'
     1>c:\users\iwh-pc\documents\college\modern\it276\original\hyde\src\entity.h(135): error C2059: syntax error : ')'
     1>c:\users\iwh-pc\documents\college\modern\it276\original\hyde\src\entity.h(136): error C2143: syntax error : missing '{' before '*'
     1>c:\users\iwh-pc\documents\college\modern\it276\original\hyde\src\entity.h(139): error C2143: syntax error : missing ')' before '*'
     1>c:\users\iwh-pc\documents\college\modern\it276\original\hyde\src\entity.h(139): error C2143: syntax error : missing '{' before '*'
     1>c:\users\iwh-pc\documents\college\modern\it276\original\hyde\src\entity.h(139): error C2059: syntax error : 'type'
     1>c:\users\iwh-pc\documents\college\modern\it276\original\hyde\src\entity.h(139): error C2059: syntax error : ')'
     1>c:\users\iwh-pc\documents\college\modern\it276\original\hyde\src\weapon.h(11): error C2143: syntax error : missing ')' before '*'
     1>c:\users\iwh-pc\documents\college\modern\it276\original\hyde\src\weapon.h(11): error C2143: syntax error : missing '{' before '*'
     1>c:\users\iwh-pc\documents\college\modern\it276\original\hyde\src\weapon.h(11): error C2059: syntax error : ')'
     1>c:\users\iwh-pc\documents\college\modern\it276\original\hyde\src\weapon.h(12): error C2143: syntax error : missing ')' before '*'
     1>c:\users\iwh-pc\documents\college\modern\it276\original\hyde\src\weapon.h(12): error C2143: syntax error : missing '{' before '*'
     1>c:\users\iwh-pc\documents\college\modern\it276\original\hyde\src\weapon.h(12): error C2059: syntax error : ')'
     1>c:\users\iwh-pc\documents\college\modern\it276\original\hyde\src\level.h(17): error C2061: syntax error : identifier 'entity_t'
     1>c:\users\iwh-pc\documents\college\modern\it276\original\hyde\src\level.h(19): error C2059: syntax error : '}'
     1>src\level.c(5): error C2143: syntax error : missing '{' before '*'
     1>src\level.c(6): error C2143: syntax error : missing '{' before '*'
     1>src\level.c(7): error C2143: syntax error : missing '{' before '*'
     1>src\level.c(8): error C2143: syntax error : missing '{' before '*'
     1>src\level.c(10): error C2143: syntax error : missing '{' before '*'
     1>src\level.c(12): error C2143: syntax error : missing '{' before '*'
     1>src\level.c(13): error C2143: syntax error : missing '{' before '*'
     1>src\level.c(14): error C2143: syntax error : missing '{' before '*'
     1>src\level.c(16): error C2143: syntax error : missing '{' before '*'
     1>src\level.c(19): error C2143: syntax error : missing '{' before '*'
     1>src\level.c(20): error C2143: syntax error : missing '{' before '*'
     1>src\level.c(21): error C2143: syntax error : missing '{' before '*'
     1>src\level.c(22): error C2143: syntax error : missing '{' before '*'
     1>src\level.c(26): error C2143: syntax error : missing '{' before '*'
     1>src\level.c(27): error C2143: syntax error : missing '{' before '*'
     1>src\level.c(29): error C2143: syntax error : missing '{' before '*'
     1>src\level.c(34): error C2223: left of '->backgrounds' must point to struct/union
     1>src\level.c(34): warning C4133: 'function' : incompatible types - from 'SDL_Rect *' to 'SDL_Surface *'
     1>src\level.c(34): error C2198: 'show_Surface' : too few arguments for call
     1>src\level.c(39): error C2223: left of '->flags' must point to struct/union
     1>src\level.c(40): error C2223: left of '->flags' must point to struct/union
     1>src\level.c(41): error C2223: left of '->flags' must point to struct/union
     1>src\level.c(45): error C2223: left of '->flags' must point to struct/union
     1>src\level.c(46): error C2223: left of '->flags' must point to struct/union
     1>src\level.c(50): error C2223: left of '->flags' must point to struct/union
     1>src\level.c(51): error C2223: left of '->flags' must point to struct/union
     1>src\level.c(56): error C2223: left of '->flags' must point to struct/union
     1>src\level.c(57): error C2223: left of '->flags' must point to struct/union
     1>src\level.c(57): fatal error C1003: error count exceeds 100; stopping compilation
         weapon.c
     1>c:\users\iwh-pc\documents\college\modern\it276\original\hyde\src\graphics.h(29): error C2061: syntax error : identifier 'animSet_t'
     1>c:\users\iwh-pc\documents\college\modern\it276\original\hyde\src\graphics.h(35): error C2059: syntax error : '}'
     1>c:\users\iwh-pc\documents\college\modern\it276\original\hyde\src\graphics.h(40): error C2143: syntax error : missing '{' before '*'
     1>c:\users\iwh-pc\documents\college\modern\it276\original\hyde\src\graphics.h(47): error C2143: syntax error : missing ')' before '*'
     1>c:\users\iwh-pc\documents\college\modern\it276\original\hyde\src\graphics.h(47): error C2143: syntax error : missing '{' before '*'
     1>c:\users\iwh-pc\documents\college\modern\it276\original\hyde\src\graphics.h(47): error C2371: 'SDL_Surface' : redefinition; different basic types
                 c:\libraries\sdl-1.2.15\include\SDL_video.h(122) : see declaration of 'SDL_Surface'
     1>c:\users\iwh-pc\documents\college\modern\it276\original\hyde\src\graphics.h(47): error C2143: syntax error : missing ';' before '*'
     1>c:\users\iwh-pc\documents\college\modern\it276\original\hyde\src\graphics.h(47): error C2059: syntax error : 'type'
     1>c:\users\iwh-pc\documents\college\modern\it276\original\hyde\src\graphics.h(47): error C2059: syntax error : ')'
     1>c:\users\iwh-pc\documents\college\modern\it276\original\hyde\src\graphics.h(50): error C2061: syntax error : identifier 'setUpScreen'
     1>c:\users\iwh-pc\documents\college\modern\it276\original\hyde\src\graphics.h(50): error C2059: syntax error : ';'
     1>c:\users\iwh-pc\documents\college\modern\it276\original\hyde\src\graphics.h(50): error C2059: syntax error : ')'
     1>c:\users\iwh-pc\documents\college\modern\it276\original\hyde\src\graphics.h(57): error C2143: syntax error : missing '{' before '*'
     1>c:\users\iwh-pc\documents\college\modern\it276\original\hyde\src\entity.h(54): error C2061: syntax error : identifier 'sprite_t'
     1>c:\users\iwh-pc\documents\college\modern\it276\original\hyde\src\entity.h(102): error C2059: syntax error : '}'
     1>c:\users\iwh-pc\documents\college\modern\it276\original\hyde\src\entity.h(105): error C2143: syntax error : missing '{' before '*'
     1>c:\users\iwh-pc\documents\college\modern\it276\original\hyde\src\entity.h(106): error C2143: syntax error : missing ')' before '*'
     1>c:\users\iwh-pc\documents\college\modern\it276\original\hyde\src\entity.h(106): error C2143: syntax error : missing '{' before '*'
     1>c:\users\iwh-pc\documents\college\modern\it276\original\hyde\src\entity.h(106): error C2059: syntax error : ')'
     1>c:\users\iwh-pc\documents\college\modern\it276\original\hyde\src\entity.h(112): error C2143: syntax error : missing ')' before '*'
     1>c:\users\iwh-pc\documents\college\modern\it276\original\hyde\src\entity.h(112): error C2143: syntax error : missing '{' before '*'
     1>c:\users\iwh-pc\documents\college\modern\it276\original\hyde\src\entity.h(112): error C2143: syntax error : missing ';' before '*'
     1>c:\users\iwh-pc\documents\college\modern\it276\original\hyde\src\entity.h(112): error C2059: syntax error : 'type'
     1>c:\users\iwh-pc\documents\college\modern\it276\original\hyde\src\entity.h(112): error C2059: syntax error : ')'
     1>c:\users\iwh-pc\documents\college\modern\it276\original\hyde\src\entity.h(116): error C2143: syntax error : missing ')' before '*'
     1>c:\users\iwh-pc\documents\college\modern\it276\original\hyde\src\entity.h(116): error C2143: syntax error : missing '{' before '*'
     1>c:\users\iwh-pc\documents\college\modern\it276\original\hyde\src\entity.h(116): error C2059: syntax error : ')'
     1>c:\users\iwh-pc\documents\college\modern\it276\original\hyde\src\entity.h(117): error C2143: syntax error : missing ')' before '*'
     1>c:\users\iwh-pc\documents\college\modern\it276\original\hyde\src\entity.h(117): error C2143: syntax error : missing '{' before '*'
     1>c:\users\iwh-pc\documents\college\modern\it276\original\hyde\src\entity.h(117): error C2059: syntax error : ')'
     1>c:\users\iwh-pc\documents\college\modern\it276\original\hyde\src\entity.h(118): error C2143: syntax error : missing ')' before '*'
     1>c:\users\iwh-pc\documents\college\modern\it276\original\hyde\src\entity.h(118): error C2143: syntax error : missing '{' before '*'
     1>c:\users\iwh-pc\documents\college\modern\it276\original\hyde\src\entity.h(118): error C2059: syntax error : ')'
     1>c:\users\iwh-pc\documents\college\modern\it276\original\hyde\src\entity.h(119): error C2143: syntax error : missing ')' before '*'
     1>c:\users\iwh-pc\documents\college\modern\it276\original\hyde\src\entity.h(119): error C2143: syntax error : missing '{' before '*'
     1>c:\users\iwh-pc\documents\college\modern\it276\original\hyde\src\entity.h(119): error C2059: syntax error : ')'
     1>c:\users\iwh-pc\documents\college\modern\it276\original\hyde\src\entity.h(124): error C2143: syntax error : missing ')' before '*'
     1>c:\users\iwh-pc\documents\college\modern\it276\original\hyde\src\entity.h(124): error C2143: syntax error : missing '{' before '*'
     1>c:\users\iwh-pc\documents\college\modern\it276\original\hyde\src\entity.h(124): error C2059: syntax error : ')'
     1>c:\users\iwh-pc\documents\college\modern\it276\original\hyde\src\entity.h(125): error C2143: syntax error : missing ')' before '*'
     1>c:\users\iwh-pc\documents\college\modern\it276\original\hyde\src\entity.h(125): error C2143: syntax error : missing '{' before '*'
     1>c:\users\iwh-pc\documents\college\modern\it276\original\hyde\src\entity.h(125): error C2143: syntax error : missing ';' before '*'
     1>c:\users\iwh-pc\documents\college\modern\it276\original\hyde\src\entity.h(125): error C2059: syntax error : ')'
     1>c:\users\iwh-pc\documents\college\modern\it276\original\hyde\src\entity.h(128): error C2143: syntax error : missing ')' before '*'
     1>c:\users\iwh-pc\documents\college\modern\it276\original\hyde\src\entity.h(128): error C2143: syntax error : missing '{' before '*'
     1>c:\users\iwh-pc\documents\college\modern\it276\original\hyde\src\entity.h(128): error C2059: syntax error : ')'
     1>c:\users\iwh-pc\documents\college\modern\it276\original\hyde\src\entity.h(129): error C2143: syntax error : missing ')' before '*'
     1>c:\users\iwh-pc\documents\college\modern\it276\original\hyde\src\entity.h(129): error C2143: syntax error : missing '{' before '*'
     1>c:\users\iwh-pc\documents\college\modern\it276\original\hyde\src\entity.h(129): error C2059: syntax error : ')'
     1>c:\users\iwh-pc\documents\college\modern\it276\original\hyde\src\entity.h(130): error C2143: syntax error : missing ')' before '*'
     1>c:\users\iwh-pc\documents\college\modern\it276\original\hyde\src\entity.h(130): error C2143: syntax error : missing '{' before '*'
     1>c:\users\iwh-pc\documents\college\modern\it276\original\hyde\src\entity.h(130): error C2059: syntax error : ')'
     1>c:\users\iwh-pc\documents\college\modern\it276\original\hyde\src\entity.h(131): error C2143: syntax error : missing ')' before '*'
     1>c:\users\iwh-pc\documents\college\modern\it276\original\hyde\src\entity.h(131): error C2143: syntax error : missing '{' before '*'
     1>c:\users\iwh-pc\documents\college\modern\it276\original\hyde\src\entity.h(131): error C2059: syntax error : ')'
     1>c:\users\iwh-pc\documents\college\modern\it276\original\hyde\src\entity.h(132): error C2143: syntax error : missing ')' before '*'
     1>c:\users\iwh-pc\documents\college\modern\it276\original\hyde\src\entity.h(132): error C2143: syntax error : missing '{' before '*'
     1>c:\users\iwh-pc\documents\college\modern\it276\original\hyde\src\entity.h(132): error C2059: syntax error : ')'
     1>c:\users\iwh-pc\documents\college\modern\it276\original\hyde\src\entity.h(135): error C2143: syntax error : missing ')' before '*'
     1>c:\users\iwh-pc\documents\college\modern\it276\original\hyde\src\entity.h(135): error C2143: syntax error : missing '{' before '*'
     1>c:\users\iwh-pc\documents\college\modern\it276\original\hyde\src\entity.h(135): error C2059: syntax error : ')'
     1>c:\users\iwh-pc\documents\college\modern\it276\original\hyde\src\entity.h(136): error C2143: syntax error : missing '{' before '*'
     1>c:\users\iwh-pc\documents\college\modern\it276\original\hyde\src\entity.h(139): error C2143: syntax error : missing ')' before '*'
     1>c:\users\iwh-pc\documents\college\modern\it276\original\hyde\src\entity.h(139): error C2143: syntax error : missing '{' before '*'
     1>c:\users\iwh-pc\documents\college\modern\it276\original\hyde\src\entity.h(139): error C2059: syntax error : 'type'
     1>c:\users\iwh-pc\documents\college\modern\it276\original\hyde\src\entity.h(139): error C2059: syntax error : ')'
     1>c:\users\iwh-pc\documents\college\modern\it276\original\hyde\src\weapon.h(11): error C2143: syntax error : missing ')' before '*'
     1>c:\users\iwh-pc\documents\college\modern\it276\original\hyde\src\weapon.h(11): error C2143: syntax error : missing '{' before '*'
     1>c:\users\iwh-pc\documents\college\modern\it276\original\hyde\src\weapon.h(11): error C2059: syntax error : ')'
     1>c:\users\iwh-pc\documents\college\modern\it276\original\hyde\src\weapon.h(12): error C2143: syntax error : missing ')' before '*'
     1>c:\users\iwh-pc\documents\college\modern\it276\original\hyde\src\weapon.h(12): error C2143: syntax error : missing '{' before '*'
     1>c:\users\iwh-pc\documents\college\modern\it276\original\hyde\src\weapon.h(12): error C2059: syntax error : ')'
     1>c:\users\iwh-pc\documents\college\modern\it276\original\hyde\src\level.h(17): error C2061: syntax error : identifier 'entity_t'
     1>c:\users\iwh-pc\documents\college\modern\it276\original\hyde\src\level.h(19): error C2059: syntax error : '}'
     1>src\weapon.c(5): error C2143: syntax error : missing ')' before '*'
     1>src\weapon.c(5): error C2143: syntax error : missing '{' before '*'
     1>src\weapon.c(5): error C2059: syntax error : ')'
     1>src\weapon.c(6): error C2054: expected '(' to follow 'ent'
     1>src\weapon.c(24): error C2143: syntax error : missing ')' before '*'
     1>src\weapon.c(24): error C2143: syntax error : missing '{' before '*'
     1>src\weapon.c(24): error C2059: syntax error : ')'
     1>src\weapon.c(25): error C2054: expected '(' to follow 'shooter'
     1>Done Building Project "C:\Users\iwh-pc\Documents\College\modern\it276\original\hyde\hyde.vcxproj" (build target(s)) -- FAILED.

Build FAILED.

Time Elapsed 00:00:00.45
